\BOOKMARK [1][-]{section.1}{\376\377\000L\000i\000n\000u\000x\000\040\000D\000i\000r\000e\000c\000t\000o\000r\000y\000\040\000S\000t\000r\000u\000c\000t\000u\000r\000e\000\040\000E\000x\000p\000l\000a\000i\000n\000e\000d}{}% 1
\BOOKMARK [2][-]{subsection.1.1}{\376\377\000/\000\040\040\023\000\040\000T\000h\000e\000\040\000R\000o\000o\000t\000\040\000D\000i\000r\000e\000c\000t\000o\000r\000y}{section.1}% 2
\BOOKMARK [2][-]{subsection.1.2}{\376\377\000/\000b\000i\000n\000\040\040\023\000\040\000E\000s\000s\000e\000n\000t\000i\000a\000l\000\040\000U\000s\000e\000r\000\040\000B\000i\000n\000a\000r\000i\000e\000s}{section.1}% 3
\BOOKMARK [2][-]{subsection.1.3}{\376\377\000/\000s\000b\000i\000n\000\040\040\023\000\040\000S\000y\000s\000t\000e\000m\000\040\000A\000d\000m\000i\000n\000i\000s\000t\000r\000a\000t\000i\000o\000n\000\040\000B\000i\000n\000a\000r\000i\000e\000s}{section.1}% 4
\BOOKMARK [2][-]{subsection.1.4}{\376\377\000/\000b\000o\000o\000t\000\040\040\023\000\040\000S\000t\000a\000t\000i\000c\000\040\000B\000o\000o\000t\000\040\000F\000i\000l\000e\000s}{section.1}% 5
\BOOKMARK [2][-]{subsection.1.5}{\376\377\000/\000d\000e\000v\000\040\040\023\000\040\000D\000e\000v\000i\000c\000e\000\040\000F\000i\000l\000e\000s}{section.1}% 6
\BOOKMARK [2][-]{subsection.1.6}{\376\377\000/\000e\000t\000c\000\040\040\023\000\040\000C\000o\000n\000f\000i\000g\000u\000r\000a\000t\000i\000o\000n\000\040\000F\000i\000l\000e\000s}{section.1}% 7
\BOOKMARK [2][-]{subsection.1.7}{\376\377\000/\000h\000o\000m\000e\000\040\040\023\000\040\000H\000o\000m\000e\000\040\000F\000o\000l\000d\000e\000r\000s}{section.1}% 8
\BOOKMARK [2][-]{subsection.1.8}{\376\377\000/\000r\000o\000o\000t\000\040\040\023\000\040\000R\000o\000o\000t\000\040\000H\000o\000m\000e\000\040\000D\000i\000r\000e\000c\000t\000o\000r\000y}{section.1}% 9
\BOOKMARK [2][-]{subsection.1.9}{\376\377\000/\000l\000i\000b\000\040\040\023\000\040\000E\000s\000s\000e\000n\000t\000i\000a\000l\000\040\000S\000h\000a\000r\000e\000d\000\040\000L\000i\000b\000r\000a\000r\000i\000e\000s}{section.1}% 10
\BOOKMARK [2][-]{subsection.1.10}{\376\377\000/\000l\000o\000s\000t\000+\000f\000o\000u\000n\000d\000\040\040\023\000\040\000R\000e\000c\000o\000v\000e\000r\000e\000d\000\040\000F\000i\000l\000e\000s}{section.1}% 11
\BOOKMARK [2][-]{subsection.1.11}{\376\377\000/\000m\000e\000d\000i\000a\000\040\040\023\000\040\000R\000e\000m\000o\000v\000a\000b\000l\000e\000\040\000M\000e\000d\000i\000a}{section.1}% 12
\BOOKMARK [2][-]{subsection.1.12}{\376\377\000/\000m\000n\000t\000\040\040\023\000\040\000T\000e\000m\000p\000o\000r\000a\000r\000y\000\040\000M\000o\000u\000n\000t\000\040\000P\000o\000i\000n\000t\000s}{section.1}% 13
\BOOKMARK [2][-]{subsection.1.13}{\376\377\000/\000o\000p\000t\000\040\040\023\000\040\000O\000p\000t\000i\000o\000n\000a\000l\000\040\000P\000a\000c\000k\000a\000g\000e\000s}{section.1}% 14
\BOOKMARK [2][-]{subsection.1.14}{\376\377\000/\000t\000m\000p\000\040\040\023\000\040\000T\000e\000m\000p\000o\000r\000a\000r\000y\000\040\000F\000i\000l\000e\000s}{section.1}% 15
\BOOKMARK [2][-]{subsection.1.15}{\376\377\000/\000u\000s\000r\000\040\040\023\000\040\000U\000s\000e\000r\000\040\000B\000i\000n\000a\000r\000i\000e\000s\000\040\000\046\000\040\000R\000e\000a\000d\000-\000O\000n\000l\000y\000\040\000D\000a\000t\000a}{section.1}% 16
\BOOKMARK [2][-]{subsection.1.16}{\376\377\000/\000v\000a\000r\000\040\040\023\000\040\000V\000a\000r\000i\000a\000b\000l\000e\000\040\000D\000a\000t\000a\000\040\000F\000i\000l\000e\000s}{section.1}% 17
\BOOKMARK [1][-]{section.2}{\376\377\000M\000a\000n\000a\000g\000i\000n\000g\000\040\000L\000i\000n\000u\000x\000\040\000U\000s\000e\000r\000s\000\040\000a\000n\000d\000\040\000G\000r\000o\000u\000p\000s}{}% 18
\BOOKMARK [2][-]{subsection.2.1}{\376\377\000I\000n\000t\000r\000o\000d\000u\000c\000t\000i\000o\000n}{section.2}% 19
\BOOKMARK [2][-]{subsection.2.2}{\376\377\000M\000a\000n\000a\000g\000i\000n\000g\000\040\000L\000i\000n\000u\000x\000\040\000U\000s\000e\000r\000s}{section.2}% 20
\BOOKMARK [3][-]{subsubsection.2.2.1}{\376\377\000T\000y\000p\000e\000\040\000o\000f\000\040\000U\000s\000e\000r\000s\000\040\000i\000n\000\040\000L\000i\000n\000u\000x}{subsection.2.2}% 21
\BOOKMARK [3][-]{subsubsection.2.2.2}{\376\377\000U\000n\000d\000e\000r\000s\000t\000a\000n\000d\000i\000n\000g\000\040\000t\000h\000e\000\040\000/\000e\000t\000c\000/\000p\000a\000s\000s\000w\000d\000\040\000f\000i\000l\000e}{subsection.2.2}% 22
\BOOKMARK [3][-]{subsubsection.2.2.3}{\376\377\000U\000n\000d\000e\000r\000s\000t\000a\000n\000d\000\040\000t\000h\000e\000\040\000/\000e\000t\000c\000/\000s\000h\000a\000d\000o\000w\000\040\000f\000i\000l\000e}{subsection.2.2}% 23
\BOOKMARK [3][-]{subsubsection.2.2.4}{\376\377\000A\000d\000d\000\040\000U\000s\000e\000r\000\040\000t\000o\000\040\000L\000i\000n\000u\000x\000\040\000S\000y\000s\000t\000e\000m}{subsection.2.2}% 24
\BOOKMARK [3][-]{subsubsection.2.2.5}{\376\377\000S\000w\000i\000t\000c\000h\000i\000n\000g\000\040\000U\000s\000e\000r\000\040\000i\000n\000\040\000L\000i\000n\000u\000x\000\040\000-\000\040\000s\000u\000\040\000c\000o\000m\000m\000a\000n\000d}{subsection.2.2}% 25
\BOOKMARK [3][-]{subsubsection.2.2.6}{\376\377\000D\000e\000l\000e\000t\000e\000\040\000U\000s\000e\000r\000\040\000i\000n\000\040\000L\000i\000n\000u\000x\000\040\000S\000y\000s\000t\000e\000m}{subsection.2.2}% 26
\BOOKMARK [3][-]{subsubsection.2.2.7}{\376\377\000M\000a\000n\000a\000g\000e\000\040\000U\000s\000e\000r\000\040\000f\000r\000o\000m\000\040\000L\000i\000n\000u\000x\000\040\000S\000y\000s\000t\000e\000m}{subsection.2.2}% 27
\BOOKMARK [3][-]{subsubsection.2.2.8}{\376\377\000S\000S\000H\000\040\000K\000e\000y\000-\000B\000a\000s\000e\000d\000\040\000A\000u\000t\000h\000e\000n\000t\000i\000c\000a\000t\000i\000o\000n}{subsection.2.2}% 28
\BOOKMARK [2][-]{subsection.2.3}{\376\377\000M\000a\000n\000a\000g\000i\000n\000g\000\040\000L\000i\000n\000u\000x\000\040\000G\000r\000o\000u\000p\000s}{section.2}% 29
\BOOKMARK [3][-]{subsubsection.2.3.1}{\376\377\000U\000n\000d\000e\000r\000s\000t\000a\000n\000d\000i\000n\000g\000\040\000t\000h\000e\000\040\000/\000e\000t\000c\000/\000g\000r\000o\000u\000p\000\040\000f\000i\000l\000e}{subsection.2.3}% 30
\BOOKMARK [3][-]{subsubsection.2.3.2}{\376\377\000A\000d\000d\000\040\000a\000\040\000G\000r\000o\000u\000p\000\040\000i\000n\000\040\000L\000i\000n\000u\000x}{subsection.2.3}% 31
\BOOKMARK [3][-]{subsubsection.2.3.3}{\376\377\000C\000h\000a\000n\000g\000e\000\040\000t\000h\000e\000\040\000g\000r\000o\000u\000p\000\040\000I\000D}{subsection.2.3}% 32
\BOOKMARK [3][-]{subsubsection.2.3.4}{\376\377\000R\000e\000n\000a\000m\000e\000\040\000a\000\040\000g\000r\000o\000u\000p}{subsection.2.3}% 33
\BOOKMARK [3][-]{subsubsection.2.3.5}{\376\377\000H\000o\000w\000\040\000t\000o\000\040\000A\000s\000s\000i\000g\000n\000\040\000U\000s\000e\000r\000s\000\040\000t\000o\000\040\000G\000r\000o\000u\000p\000s\000\040\000i\000n\000\040\000L\000i\000n\000u\000x}{subsection.2.3}% 34
\BOOKMARK [3][-]{subsubsection.2.3.6}{\376\377\000H\000o\000w\000\040\000t\000o\000\040\000D\000e\000l\000e\000t\000e\000\040\000U\000s\000e\000r\000s\000\040\000f\000r\000o\000m\000\040\000G\000r\000o\000u\000p\000s\000\040\000i\000n\000\040\000L\000i\000n\000u\000x}{subsection.2.3}% 35
\BOOKMARK [3][-]{subsubsection.2.3.7}{\376\377\000H\000o\000w\000\040\000t\000o\000\040\000d\000e\000l\000e\000t\000e\000\040\000a\000\040\000g\000r\000o\000u\000p}{subsection.2.3}% 36
\BOOKMARK [2][-]{subsection.2.4}{\376\377\000S\000u\000d\000o\000\040\000C\000o\000m\000m\000a\000n\000d}{section.2}% 37
\BOOKMARK [3][-]{subsubsection.2.4.1}{\376\377\000G\000i\000v\000e\000\040\000s\000u\000d\000o\000\040\000p\000e\000r\000m\000i\000s\000s\000i\000o\000n\000s\000\040\000w\000i\000t\000h\000\040\000p\000a\000s\000s\000w\000o\000r\000d}{subsection.2.4}% 38
\BOOKMARK [3][-]{subsubsection.2.4.2}{\376\377\000G\000i\000v\000e\000\040\000o\000n\000l\000y\000\040\000s\000o\000m\000e\000\040\000a\000c\000t\000i\000o\000n\000s\000\040\000s\000u\000d\000o\000\040\000p\000e\000r\000m\000i\000s\000s\000i\000o\000n}{subsection.2.4}% 39
\BOOKMARK [3][-]{subsubsection.2.4.3}{\376\377\000H\000o\000w\000\040\000t\000o\000\040\000e\000n\000a\000b\000l\000e\000\040\000s\000u\000d\000o\000\040\000w\000i\000t\000h\000o\000u\000t\000\040\000e\000n\000t\000e\000r\000i\000n\000g\000\040\000a\000\040\000p\000a\000s\000s\000w\000o\000r\000d}{subsection.2.4}% 40
\BOOKMARK [3][-]{subsubsection.2.4.4}{\376\377\000H\000o\000w\000\040\000t\000o\000\040\000g\000a\000i\000n\000\040\000s\000u\000\040\000p\000e\000r\000m\000i\000s\000s\000i\000o\000n\000s\000\040\000w\000i\000t\000h\000\040\000s\000u\000d\000o}{subsection.2.4}% 41
\BOOKMARK [2][-]{subsection.2.5}{\376\377\000S\000u\000\040\000-\000\040\000r\000o\000o\000t\000\040\000u\000s\000e\000r}{section.2}% 42
\BOOKMARK [3][-]{subsubsection.2.5.1}{\376\377\000F\000i\000r\000s\000t\000\040\000A\000p\000p\000r\000o\000a\000c\000h\000\040\000-\000\040\000E\000n\000a\000b\000l\000i\000n\000g\000\040\000r\000o\000o\000t\000\040\000a\000c\000c\000o\000u\000n\000t\000\040\000t\000e\000m\000p\000o\000r\000a\000r\000y}{subsection.2.5}% 43
\BOOKMARK [3][-]{subsubsection.2.5.2}{\376\377\000E\000n\000a\000b\000l\000e\000\040\000r\000o\000o\000t\000\040\000u\000s\000e\000r}{subsection.2.5}% 44
\BOOKMARK [3][-]{subsubsection.2.5.3}{\376\377\000D\000i\000s\000a\000b\000l\000e\000\040\000r\000o\000o\000t\000\040\000u\000s\000e\000r}{subsection.2.5}% 45
\BOOKMARK [1][-]{section.3}{\376\377\000B\000a\000s\000i\000c\000\040\000L\000i\000n\000u\000x\000\040\000C\000o\000m\000m\000a\000n\000d\000s}{}% 46
\BOOKMARK [2][-]{subsection.3.1}{\376\377\000L\000i\000n\000u\000x\000\040\000S\000y\000s\000t\000e\000m\000\040\000I\000n\000f\000o\000r\000m\000a\000t\000i\000o\000n}{section.3}% 47
\BOOKMARK [2][-]{subsection.3.2}{\376\377\000L\000i\000n\000u\000x\000\040\000S\000y\000s\000t\000e\000m\000\040\000C\000o\000n\000s\000u\000m\000p\000t\000i\000o\000n}{section.3}% 48
\BOOKMARK [2][-]{subsection.3.3}{\376\377\000L\000i\000n\000u\000x\000\040\000S\000e\000r\000v\000i\000c\000e\000s\000\040\000R\000u\000n\000n\000i\000n\000g}{section.3}% 49
\BOOKMARK [2][-]{subsection.3.4}{\376\377\000M\000o\000v\000i\000n\000g\000\040\000b\000e\000t\000w\000e\000e\000n\000\040\000d\000i\000r\000e\000c\000t\000o\000r\000i\000e\000s}{section.3}% 50
\BOOKMARK [3][-]{subsubsection.3.4.1}{\376\377\000I\000n\000t\000r\000o\000d\000u\000c\000t\000i\000o\000n}{subsection.3.4}% 51
\BOOKMARK [3][-]{subsubsection.3.4.2}{\376\377\000l\000s\000\040\000-\000l\000a\000\040\000A\000n\000a\000l\000y\000z\000i\000n\000g\000\040\000R\000e\000s\000u\000l\000t\000s}{subsection.3.4}% 52
\BOOKMARK [2][-]{subsection.3.5}{\376\377\000c\000h\000m\000o\000d}{section.3}% 53
\BOOKMARK [2][-]{subsection.3.6}{\376\377\000c\000h\000o\000w\000n}{section.3}% 54
\BOOKMARK [2][-]{subsection.3.7}{\376\377\000C\000t\000r\000l\000+\000R}{section.3}% 55
\BOOKMARK [2][-]{subsection.3.8}{\376\377\000M\000k\000d\000i\000r\000\040\000\050\000c\000r\000e\000a\000t\000e\000\040\000f\000i\000l\000e\000s\000\051}{section.3}% 56
\BOOKMARK [2][-]{subsection.3.9}{\376\377\000M\000v\000\040\000/\000\040\000C\000p}{section.3}% 57
\BOOKMARK [2][-]{subsection.3.10}{\376\377\000S\000i\000m\000b\000o\000l\000i\000k\000\040\000L\000i\000n\000k\000s}{section.3}% 58
\BOOKMARK [2][-]{subsection.3.11}{\376\377\000A\000l\000i\000a\000s}{section.3}% 59
\BOOKMARK [3][-]{subsubsection.3.11.1}{\376\377\000A\000l\000i\000a\000s\000\040\000T\000e\000m\000p\000o\000r\000a\000l}{subsection.3.11}% 60
\BOOKMARK [3][-]{subsubsection.3.11.2}{\376\377\000A\000l\000i\000a\000s\000\040\000P\000e\000r\000m\000a\000n\000e\000n\000t\000e}{subsection.3.11}% 61
\BOOKMARK [2][-]{subsection.3.12}{\376\377\000S\000h\000u\000t\000d\000o\000w\000n\000\040\000m\000a\000c\000h\000i\000n\000e\000s\000\040\000o\000r\000\040\000t\000e\000r\000m\000i\000n\000a\000l\000s}{section.3}% 62
\BOOKMARK [2][-]{subsection.3.13}{\376\377\000O\000t\000h\000e\000r\000s}{section.3}% 63
\BOOKMARK [2][-]{subsection.3.14}{\376\377\000L\000i\000n\000k\000\040\000w\000i\000t\000h\000\040\000e\000x\000a\000m\000p\000l\000e\000s\000\040\000a\000n\000d\000\040\000u\000s\000a\000g\000e\000\040\000o\000f\000\040\000b\000a\000s\000i\000c\000\040\000c\000o\000m\000m\000a\000n\000d\000s}{section.3}% 64
\BOOKMARK [1][-]{section.4}{\376\377\000.\000b\000a\000s\000h\000r\000c\000,\000\040\000.\000b\000a\000s\000h\000\137\000p\000r\000o\000f\000i\000l\000e\000,\000\040\000/\000e\000t\000c\000/\000b\000a\000s\000h\000r\000c\000\040\000\046\000\040\000p\000a\000t\000h}{}% 65
\BOOKMARK [2][-]{subsection.4.1}{\376\377\000.\000b\000a\000s\000h\000r\000c\000\040\000v\000s\000\040\000.\000b\000a\000s\000h\000\137\000p\000r\000o\000f\000i\000l\000e}{section.4}% 66
\BOOKMARK [2][-]{subsection.4.2}{\376\377\000P\000A\000T\000H}{section.4}% 67
\BOOKMARK [2][-]{subsection.4.3}{\376\377\000S\000e\000t\000\040\000y\000o\000u\000r\000\040\000P\000A\000T\000H}{section.4}% 68
\BOOKMARK [3][-]{subsubsection.4.3.1}{\376\377\000F\000o\000r\000\040\000c\000u\000r\000r\000e\000n\000t\000\040\000t\000e\000r\000m\000i\000n\000a\000l}{subsection.4.3}% 69
\BOOKMARK [3][-]{subsubsection.4.3.2}{\376\377\000P\000e\000r\000m\000a\000n\000e\000n\000t\000l\000y\000\040\000f\000o\000r\000\040\000i\000n\000t\000e\000r\000a\000c\000t\000i\000v\000e\000\040\000s\000e\000s\000s\000i\000o\000n\000s}{subsection.4.3}% 70
\BOOKMARK [1][-]{section.5}{\376\377\000C\000u\000r\000l}{}% 71
\BOOKMARK [1][-]{section.6}{\376\377\000P\000r\000o\000x\000y\000\040\000d\000e\000f\000i\000n\000i\000t\000i\000o\000n\000\040\000f\000o\000r\000\040\000b\000i\000n\000a\000r\000i\000e\000s}{}% 72
\BOOKMARK [1][-]{section.7}{\376\377\000U\000p\000d\000a\000t\000e\000\040\000S\000y\000s\000t\000e\000m\000\040\000C\000A\000s\000\040\000\050\000C\000e\000r\000t\000i\000f\000i\000c\000a\000t\000e\000s\000\040\000A\000u\000t\000h\000o\000r\000i\000t\000y\000\051}{}% 73
\BOOKMARK [1][-]{section.8}{\376\377\000F\000Q\000D\000N}{}% 74
\BOOKMARK [1][-]{section.9}{\376\377\000G\000r\000e\000p\000\040\000\050\000G\000l\000o\000b\000a\000l\000\040\000s\000e\000a\000r\000c\000h\000\040\000f\000o\000r\000\040\000R\000e\000g\000u\000l\000a\000r\000\040\000E\000x\000p\000r\000e\000s\000s\000i\000o\000n\000s\000\040\000a\000n\000d\000\040\000P\000r\000i\000n\000t\000\040\000o\000u\000t\000\051}{}% 75
\BOOKMARK [2][-]{subsection.9.1}{\376\377\000T\000w\000o\000\040\000v\000a\000r\000i\000a\000n\000t\000s\000\040\000o\000f\000\040\000g\000r\000e\000p\000\040\000u\000s\000a\000g\000e}{section.9}% 76
\BOOKMARK [2][-]{subsection.9.2}{\376\377\000U\000s\000e\000f\000u\000l\000\040\000F\000l\000a\000g\000s}{section.9}% 77
\BOOKMARK [1][-]{section.10}{\376\377\000H\000e\000l\000m}{}% 78
\BOOKMARK [1][-]{section.11}{\376\377\000J\000S\000O\000N\000P\000a\000t\000h}{}% 79
\BOOKMARK [2][-]{subsection.11.1}{\376\377\000B\000a\000s\000i\000c\000\040\000U\000s\000a\000g\000e}{section.11}% 80
\BOOKMARK [2][-]{subsection.11.2}{\376\377\000F\000i\000l\000t\000e\000r\000s}{section.11}% 81
\BOOKMARK [2][-]{subsection.11.3}{\376\377\000E\000x\000a\000m\000p\000l\000e}{section.11}% 82
\BOOKMARK [2][-]{subsection.11.4}{\376\377\000J\000S\000O\000N\000P\000a\000t\000h\000\040\000K\0008\000s}{section.11}% 83
\BOOKMARK [1][-]{section.12}{\376\377\000J\000Q}{}% 84
\BOOKMARK [1][-]{section.13}{\376\377\000L\000o\000c\000a\000l\000h\000o\000s\000t\000\040\000N\000e\000t\000w\000o\000r\000k\000i\000n\000g}{}% 85
\BOOKMARK [2][-]{subsection.13.1}{\376\377\000P\000o\000r\000t\000s\000\040\000E\000x\000p\000o\000s\000e\000d}{section.13}% 86
\BOOKMARK [2][-]{subsection.13.2}{\376\377\000L\000o\000c\000a\000l\000h\000o\000s\000t\000\040\000A\000d\000r\000e\000s\000s\000e\000s}{section.13}% 87
\BOOKMARK [1][-]{section.14}{\376\377\000O\000t\000h\000e\000r\000s}{}% 88
\BOOKMARK [1][-]{section.15}{\376\377\000S\000o\000u\000r\000c\000e}{}% 89
\BOOKMARK [1][-]{section.16}{\376\377\000T\000a\000r\000\040\000C\000o\000m\000m\000a\000n\000d}{}% 90
\BOOKMARK [2][-]{subsection.16.1}{\376\377\000C\000o\000m\000p\000r\000e\000s\000s}{section.16}% 91
\BOOKMARK [2][-]{subsection.16.2}{\376\377\000E\000x\000t\000r\000a\000c\000t}{section.16}% 92
\BOOKMARK [2][-]{subsection.16.3}{\376\377\000M\000o\000r\000e\000\040\000f\000l\000a\000g\000s}{section.16}% 93
\BOOKMARK [1][-]{section.17}{\376\377\000V\000i\000m}{}% 94
\BOOKMARK [2][-]{subsection.17.1}{\376\377\000V\000i\000m\000\040\000C\000o\000n\000f\000i\000g}{section.17}% 95
\BOOKMARK [2][-]{subsection.17.2}{\376\377\000H\000a\000c\000e\000r\000\040\000y\000\040\000d\000e\000s\000h\000a\000c\000e\000r}{section.17}% 96
\BOOKMARK [2][-]{subsection.17.3}{\376\377\000B\000o\000r\000r\000a\000r\000\040\000l\000i\000n\000e\000a\000s\000\040\000e\000n\000t\000e\000r\000a\000s}{section.17}% 97
\BOOKMARK [2][-]{subsection.17.4}{\376\377\000B\000u\000s\000c\000a\000r\000\040\000O\000c\000u\000r\000r\000e\000n\000c\000i\000a\000s}{section.17}% 98
\BOOKMARK [1][-]{section.18}{\376\377\000W\000S\000L}{}% 99
\BOOKMARK [2][-]{subsection.18.1}{\376\377\000R\000e\000m\000o\000v\000e\000\040\000a\000l\000l\000\040\000o\000l\000d\000\040\000d\000e\000p\000e\000n\000d\000e\000n\000c\000i\000e\000s}{section.18}% 100
\BOOKMARK [1][-]{section.19}{\376\377\000C\000a\000t}{}% 101
\BOOKMARK [1][-]{section.20}{\376\377\000S\000S\000H}{}% 102
\BOOKMARK [2][-]{subsection.20.1}{\376\377\000W\000h\000a\000t\000\040\000i\000s\000\040\000S\000S\000H\000?}{section.20}% 103
\BOOKMARK [2][-]{subsection.20.2}{\376\377\000H\000o\000w\000\040\000t\000o\000\040\000a\000u\000t\000h\000e\000n\000t\000i\000c\000a\000t\000e\000\040\000v\000i\000a\000\040\000S\000S\000H\000?}{section.20}% 104
\BOOKMARK [3][-]{subsubsection.20.2.1}{\376\377\000D\000e\000f\000a\000u\000l\000t\000\040\000u\000s\000e\000r\000-\000p\000a\000s\000s\000w\000o\000r\000d\000\040\000a\000u\000t\000h\000e\000n\000t\000i\000c\000a\000t\000i\000o\000n\000\040\000m\000e\000t\000h\000o\000d}{subsection.20.2}% 105
\BOOKMARK [3][-]{subsubsection.20.2.2}{\376\377\000P\000u\000b\000l\000i\000c\000\040\000K\000e\000y\000\040\000a\000u\000t\000h\000e\000n\000t\000i\000c\000a\000t\000i\000o\000n\000\040\000m\000e\000t\000h\000o\000d}{subsection.20.2}% 106
\BOOKMARK [3][-]{subsubsection.20.2.3}{\376\377\000G\000e\000n\000e\000r\000a\000t\000i\000n\000g\000\040\000p\000u\000b\000l\000i\000c\000\040\000a\000n\000d\000\040\000p\000r\000i\000v\000a\000t\000e\000\040\000k\000e\000y\000s\000\040\000i\000n\000\040\000o\000u\000r\000\040\000h\000o\000s\000t}{subsection.20.2}% 107
\BOOKMARK [3][-]{subsubsection.20.2.4}{\376\377\000A\000p\000p\000e\000n\000d\000i\000n\000g\000\040\000t\000h\000e\000\040\000P\000u\000b\000l\000i\000c\000\040\000K\000e\000y\000\040\000i\000n\000t\000o\000\040\000t\000h\000e\000\040\000a\000u\000t\000h\000o\000r\000i\000z\000e\000d\000\137\000k\000e\000y\000s\000\040\000o\000f\000\040\000t\000h\000e\000\040\000S\000e\000r\000v\000e\000r}{subsection.20.2}% 108
\BOOKMARK [2][-]{subsection.20.3}{\376\377\000S\000F\000T\000P}{section.20}% 109
\BOOKMARK [1][-]{section.21}{\376\377\000F\000i\000n\000d}{}% 110
\BOOKMARK [1][-]{section.22}{\376\377\000S\000e\000d\000\040\000\050\000S\000t\000r\000e\000a\000m\000\040\000E\000d\000i\000t\000o\000r\000\051}{}% 111
\BOOKMARK [1][-]{section.23}{\376\377\000D\000o\000c\000k\000e\000r\000\040\000D\000e\000s\000k\000t\000o\000p}{}% 112
\BOOKMARK [1][-]{section.24}{\376\377\000B\000a\000s\000e\0006\0004\000\040\000E\000n\000c\000o\000d\000i\000n\000g}{}% 113
\BOOKMARK [1][-]{section.25}{\376\377\000T\000m\000u\000x}{}% 114
\BOOKMARK [2][-]{subsection.25.1}{\376\377\000A\000r\000g\000u\000m\000e\000n\000t\000s}{section.25}% 115
\BOOKMARK [2][-]{subsection.25.2}{\376\377\000C\000o\000m\000m\000a\000n\000d\000s\000\040\000I\000n\000s\000i\000d\000e\000\040\000t\000m\000u\000x}{section.25}% 116
\BOOKMARK [1][-]{section.26}{\376\377\000O\000t\000h\000e\000r\000s}{}% 117
\BOOKMARK [2][-]{subsection.26.1}{\376\377\000U\000b\000u\000n\000t\000u\000\040\000v\000s\000\040\000R\000H\0007}{section.26}% 118
\BOOKMARK [2][-]{subsection.26.2}{\376\377\000V\000a\000g\000r\000a\000n\000t}{section.26}% 119
\BOOKMARK [2][-]{subsection.26.3}{\376\377\000R\000e\000d\000\040\000H\000a\000d\000\040\000P\000a\000c\000k\000a\000g\000e\000\040\000I\000n\000s\000t\000a\000l\000l\000e\000r}{section.26}% 120
\BOOKMARK [3][-]{subsubsection.26.3.1}{\376\377\000R\000P\000M}{subsection.26.3}% 121
\BOOKMARK [3][-]{subsubsection.26.3.2}{\376\377\000Y\000U\000M}{subsection.26.3}% 122
\BOOKMARK [1][-]{section.27}{\376\377\000T\000i\000m\000e\000s\000h\000i\000f\000t\000\040\000t\000o\000\040\000B\000a\000c\000k\000u\000p\000\040\000a\000n\000d\000\040\000R\000e\000s\000t\000o\000r\000e\000\040\000Y\000o\000u\000r\000\040\000L\000i\000n\000u\000x\000\040\000S\000y\000s\000t\000e\000m}{}% 123
\BOOKMARK [2][-]{subsection.27.1}{\376\377\000I\000n\000t\000r\000o\000d\000u\000c\000t\000i\000o\000n}{section.27}% 124
\BOOKMARK [2][-]{subsection.27.2}{\376\377\000T\000i\000m\000e\000s\000h\000i\000f\000t\000\040\000I\000n\000s\000t\000a\000l\000l\000a\000t\000i\000o\000n}{section.27}% 125
\BOOKMARK [2][-]{subsection.27.3}{\376\377\000C\000r\000e\000a\000t\000e\000\040\000a\000\040\000S\000n\000a\000p\000s\000h\000o\000t}{section.27}% 126
